2025-05-26 01:12:16,570 - app - ERROR - Could not import blueprints.__pycache__.routes: No module named 'blueprints.__pycache__.routes'
2025-05-26 01:12:17,441 - app - ERROR - Could not import blueprints.__pycache__.routes: No module named 'blueprints.__pycache__.routes'
2025-05-26 01:12:18,258 - app - ERROR - Could not import blueprints.__pycache__.routes: No module named 'blueprints.__pycache__.routes'
2025-05-26 01:12:19,325 - app - ERROR - Could not import blueprints.__pycache__.routes: No module named 'blueprints.__pycache__.routes'
2025-05-26 01:14:10,250 - app - ERROR - Could not import blueprints.__pycache__.routes: No module named 'blueprints.__pycache__.routes'
2025-05-26 01:14:11,091 - app - ERROR - Could not import blueprints.__pycache__.routes: No module named 'blueprints.__pycache__.routes'
2025-05-26 01:14:11,879 - app - ERROR - Could not import blueprints.__pycache__.routes: No module named 'blueprints.__pycache__.routes'
2025-05-26 01:14:12,945 - app - ERROR - Could not import blueprints.__pycache__.routes: No module named 'blueprints.__pycache__.routes'
2025-05-26 02:20:35,470 - app - ERROR - Could not import blueprints.__pycache__.routes: No module named 'blueprints.__pycache__.routes'
2025-05-26 02:21:02,327 - app - ERROR - Could not import blueprints.__pycache__.routes: No module named 'blueprints.__pycache__.routes'
2025-05-26 02:21:05,351 - app - ERROR - Could not import blueprints.__pycache__.routes: No module named 'blueprints.__pycache__.routes'
2025-05-26 22:07:04,664 - app - ERROR - Could not import blueprints.auth.routes: cannot import name 'UserSchema' from partially initialized module 'schemas' (most likely due to a circular import) (D:\ecommerce-backend\schemas.py)
2025-05-26 22:07:04,680 - app - ERROR - Could not import blueprints.products.routes: cannot import name 'UserSchema' from partially initialized module 'schemas' (most likely due to a circular import) (D:\ecommerce-backend\schemas.py)
2025-05-26 22:07:04,680 - app - ERROR - Could not import blueprints.admin.routes: cannot import name 'UserSchema' from partially initialized module 'schemas' (most likely due to a circular import) (D:\ecommerce-backend\schemas.py)
2025-05-26 22:07:06,793 - app - ERROR - Could not import blueprints.auth.routes: cannot import name 'UserSchema' from partially initialized module 'schemas' (most likely due to a circular import) (D:\ecommerce-backend\schemas.py)
2025-05-26 22:07:06,795 - app - ERROR - Could not import blueprints.products.routes: cannot import name 'UserSchema' from partially initialized module 'schemas' (most likely due to a circular import) (D:\ecommerce-backend\schemas.py)
2025-05-26 22:07:06,796 - app - ERROR - Could not import blueprints.admin.routes: cannot import name 'UserSchema' from partially initialized module 'schemas' (most likely due to a circular import) (D:\ecommerce-backend\schemas.py)
2025-05-27 00:47:53,119 - app - ERROR - Could not import blueprints.products.routes: cannot import name 'OrderItemSchema' from 'models' (D:\ecommerce-backend\models.py)
2025-05-27 00:47:55,561 - app - ERROR - Could not import blueprints.products.routes: cannot import name 'OrderItemSchema' from 'models' (D:\ecommerce-backend\models.py)
2025-05-27 08:53:05,216 - app - ERROR - Could not import blueprints.products.routes: cannot import name 'OrderItemSchema' from 'models' (C:\Users\Usuario\Desktop\esc\models.py)
2025-05-27 08:53:07,611 - app - ERROR - Could not import blueprints.products.routes: cannot import name 'OrderItemSchema' from 'models' (C:\Users\Usuario\Desktop\esc\models.py)
2025-05-27 12:36:58,413 - app - ERROR - Could not import blueprints.products.routes: cannot import name 'OrderItemSchema' from 'models' (C:\Users\Usuario\Desktop\esc\models.py)
2025-05-27 12:37:06,077 - app - ERROR - Could not import blueprints.products.routes: cannot import name 'OrderItemSchema' from 'models' (C:\Users\Usuario\Desktop\esc\models.py)
2025-05-27 12:37:09,570 - app - ERROR - Could not import blueprints.products.routes: cannot import name 'OrderItemSchema' from 'models' (C:\Users\Usuario\Desktop\esc\models.py)
2025-05-27 12:37:11,749 - app - ERROR - Could not import blueprints.products.routes: cannot import name 'OrderItemSchema' from 'models' (C:\Users\Usuario\Desktop\esc\models.py)
2025-05-27 13:58:26,067 - app - ERROR - Could not import blueprints.products.routes: cannot import name 'OrderItemSchema' from 'models' (C:\Users\Usuario\Desktop\esc\models.py)
2025-05-27 13:58:28,236 - app - ERROR - Could not import blueprints.products.routes: cannot import name 'OrderItemSchema' from 'models' (C:\Users\Usuario\Desktop\esc\models.py)
2025-05-27 13:59:14,085 - app - ERROR - Could not import blueprints.products.routes: cannot import name 'OrderItemSchema' from 'models' (C:\Users\Usuario\Desktop\esc\models.py)
2025-05-27 13:59:41,246 - app - ERROR - Could not import blueprints.products.routes: cannot import name 'OrderItemSchema' from 'models' (C:\Users\Usuario\Desktop\esc\models.py)
2025-05-27 13:59:43,495 - app - ERROR - Could not import blueprints.products.routes: cannot import name 'OrderItemSchema' from 'models' (C:\Users\Usuario\Desktop\esc\models.py)
2025-05-27 13:59:50,877 - app - ERROR - Could not import blueprints.products.routes: cannot import name 'OrderItemSchema' from 'models' (C:\Users\Usuario\Desktop\esc\models.py)
2025-05-27 15:49:59,593 - app - ERROR - Could not import blueprints.products.routes: cannot import name 'OrderItemSchema' from 'models' (D:\ecommerce-backend\models.py)
2025-05-27 15:50:02,902 - app - ERROR - Could not import blueprints.products.routes: cannot import name 'OrderItemSchema' from 'models' (D:\ecommerce-backend\models.py)
2025-05-28 14:12:32,167 - app - ERROR - Could not import blueprints.products.routes: cannot import name 'OrderItemSchema' from 'models' (D:\ecommerce-backend\models.py)
2025-05-28 14:12:34,487 - app - ERROR - Could not import blueprints.products.routes: cannot import name 'OrderItemSchema' from 'models' (D:\ecommerce-backend\models.py)
2025-05-28 16:44:44,149 - app - ERROR - Could not import blueprints.products.routes: cannot import name 'OrderItemSchema' from 'models' (D:\ecommerce-backend\models.py)
2025-05-28 16:44:46,525 - app - ERROR - Could not import blueprints.products.routes: cannot import name 'OrderItemSchema' from 'models' (D:\ecommerce-backend\models.py)
2025-05-28 16:49:55,684 - app - ERROR - Could not import blueprints.products.routes: cannot import name 'OrderItemSchema' from 'models' (D:\ecommerce-backend\models.py)
2025-05-28 16:49:57,712 - app - ERROR - Could not import blueprints.products.routes: cannot import name 'OrderItemSchema' from 'models' (D:\ecommerce-backend\models.py)
2025-05-28 16:51:41,552 - app - ERROR - Could not import blueprints.products.routes: cannot import name 'OrderItemSchema' from 'models' (D:\ecommerce-backend\models.py)
2025-05-28 16:51:43,664 - app - ERROR - Could not import blueprints.products.routes: cannot import name 'OrderItemSchema' from 'models' (D:\ecommerce-backend\models.py)
2025-05-28 17:03:06,893 - app - ERROR - Could not import blueprints.products.routes: cannot import name 'OrderItemSchema' from 'models' (D:\ecommerce-backend\models.py)
2025-05-28 17:03:09,036 - app - ERROR - Could not import blueprints.products.routes: cannot import name 'OrderItemSchema' from 'models' (D:\ecommerce-backend\models.py)
2025-05-29 11:49:44,573 - app - ERROR - Could not import blueprints.products.routes: cannot import name 'OrderItemSchema' from 'models' (/home/edgar/mnt/paginas web/ecommerce/ecommerce-backend/models.py)
2025-05-29 11:49:45,317 - app - ERROR - Could not import blueprints.products.routes: cannot import name 'OrderItemSchema' from 'models' (/home/edgar/mnt/paginas web/ecommerce/ecommerce-backend/models.py)
2025-05-29 11:50:00,033 - app - ERROR - Could not import blueprints.products.routes: cannot import name 'OrderItemSchema' from 'models' (/home/edgar/mnt/paginas web/ecommerce/ecommerce-backend/models.py)
2025-05-29 11:50:00,771 - app - ERROR - Could not import blueprints.products.routes: cannot import name 'OrderItemSchema' from 'models' (/home/edgar/mnt/paginas web/ecommerce/ecommerce-backend/models.py)
2025-05-29 11:59:55,014 - app - ERROR - Could not import blueprints.products.routes: cannot import name 'OrderItemSchema' from 'models' (/home/edgar/mnt/paginas web/ecommerce/ecommerce-backend/models.py)
2025-05-29 12:39:15,373 - app - ERROR - Could not import blueprints.products.routes: cannot import name 'OrderItemSchema' from 'models' (/home/edgar/mnt/paginas web/ecommerce/ecommerce-backend/models.py)
2025-05-29 12:39:19,420 - app - ERROR - Could not import blueprints.products.routes: cannot import name 'OrderItemSchema' from 'models' (/home/edgar/mnt/paginas web/ecommerce/ecommerce-backend/models.py)
2025-05-29 12:39:35,405 - app - ERROR - Could not import blueprints.products.routes: cannot import name 'OrderItemSchema' from 'models' (/home/edgar/mnt/paginas web/ecommerce/ecommerce-backend/models.py)
2025-05-29 12:50:05,288 - app - ERROR - Could not import blueprints.products.routes: cannot import name 'OrderItemSchema' from 'models' (/home/edgar/mnt/paginas web/ecommerce/ecommerce-backend/models.py)
2025-05-29 12:50:46,184 - app - ERROR - Could not import blueprints.products.routes: cannot import name 'OrderItemSchema' from 'models' (/home/edgar/mnt/paginas web/ecommerce/ecommerce-backend/models.py)
2025-05-29 12:53:39,904 - app - ERROR - Could not import blueprints.products.routes: cannot import name 'OrderItemSchema' from 'models' (/home/edgar/mnt/paginas web/ecommerce/ecommerce-backend/models.py)
2025-05-29 12:53:40,729 - app - ERROR - Could not import blueprints.products.routes: cannot import name 'OrderItemSchema' from 'models' (/home/edgar/mnt/paginas web/ecommerce/ecommerce-backend/models.py)
2025-05-29 13:40:33,121 - app - ERROR - Could not import blueprints.products.routes: cannot import name 'OrderItemSchema' from 'models' (/home/edgar/mnt/paginas web/ecommerce/ecommerce-backend/models.py)
2025-05-29 13:40:33,910 - app - ERROR - Could not import blueprints.products.routes: cannot import name 'OrderItemSchema' from 'models' (/home/edgar/mnt/paginas web/ecommerce/ecommerce-backend/models.py)
2025-05-29 13:50:45,999 - app - ERROR - Could not import blueprints.products.routes: cannot import name 'OrderItemSchema' from 'models' (/home/edgar/mnt/paginas web/ecommerce/ecommerce-backend/models.py)
2025-05-29 13:50:46,632 - app - ERROR - Could not import blueprints.products.routes: cannot import name 'OrderItemSchema' from 'models' (/home/edgar/mnt/paginas web/ecommerce/ecommerce-backend/models.py)
2025-05-29 13:52:20,602 - app - ERROR - Could not import blueprints.products.routes: cannot import name 'OrderItemSchema' from 'models' (/home/edgar/mnt/paginas web/ecommerce/ecommerce-backend/models.py)
2025-05-29 13:52:21,194 - app - ERROR - Could not import blueprints.products.routes: cannot import name 'OrderItemSchema' from 'models' (/home/edgar/mnt/paginas web/ecommerce/ecommerce-backend/models.py)
2025-05-29 13:54:41,304 - app - ERROR - Could not import blueprints.products.routes: cannot import name 'OrderItemSchema' from 'models' (/home/edgar/mnt/paginas web/ecommerce/ecommerce-backend/models.py)
